2014/06/16 22:36:25 [I] IP:[192.168.0.102]
2014/06/16 22:36:25 [I] 与服务器连接中...
2014/06/16 22:36:26 [E] 连接服务器失败,请检查网络或服务器是否启动...
2014/06/16 22:36:26 [I] 30秒后自动重新连接...
2014/06/16 22:36:56 [I] 与服务器连接中...
2014/06/16 22:36:57 [E] 连接服务器失败,请检查网络或服务器是否启动...
2014/06/16 22:36:57 [I] 30秒后自动重新连接...
2014/06/16 22:37:27 [I] 与服务器连接中...
2014/06/16 22:37:28 [E] 连接服务器失败,请检查网络或服务器是否启动...
2014/06/16 22:37:28 [I] 30秒后自动重新连接...
2014/06/16 22:37:58 [I] 与服务器连接中...
2014/06/16 22:37:58 [I] 连接服务器成功...
2014/06/16 22:48:46 [I] IP:[192.168.0.102]
2014/06/16 22:48:46 [I] 与服务器连接中...
2014/06/16 22:48:47 [E] 连接服务器失败,请检查网络或服务器是否启动...
2014/06/16 22:48:47 [I] 30秒后自动重新连接...
2014/06/16 23:47:46 [I] IP:[192.168.0.102]
2014/06/16 23:47:46 [I] 与服务器连接中...
2014/06/16 23:47:46 [I] 连接服务器成功...
2014/06/16 23:48:22 [I] 正在上传数据...
2014/06/16 23:48:22 [T] [J?79288331] STATE:OK
2014/06/16 23:48:22 [T] [JX79288316] STATE:OK
2014/06/16 23:48:22 [T] [PO62940613] STATE:OK
2014/06/16 23:48:22 [T] [PO62940669] STATE:OK
2014/06/16 23:48:22 [T] [PO62940687] STATE:OK
2014/06/16 23:48:22 [T] [J?79288331] STATE:OK
2014/06/16 23:48:22 [T] [JX79288316] STATE:OK
2014/06/16 23:48:22 [T] [PO62940613] STATE:OK
2014/06/16 23:48:22 [T] [PO62940669] STATE:OK
2014/06/16 23:48:23 [T] [PO62940687] STATE:OK
2014/06/16 23:48:23 [T] [J?79288331] STATE:OK
2014/06/16 23:48:23 [T] [JX79288316] STATE:OK
2014/06/16 23:48:23 [T] [PO62940613] STATE:OK
2014/06/16 23:48:23 [T] [PO62940669] STATE:OK
2014/06/16 23:48:23 [T] [PO62940687] STATE:OK
2014/06/16 23:48:23 [T] [J?79288331] STATE:OK
2014/06/16 23:48:23 [T] [JX79288316] STATE:OK
2014/06/16 23:48:23 [T] [PO62940613] STATE:OK
2014/06/16 23:48:23 [T] [PO62940669] STATE:OK
2014/06/16 23:48:23 [T] [PO62940687] STATE:OK
2014/06/16 23:48:23 [T] [J?79288331] STATE:OK
2014/06/16 23:48:23 [T] [JX79288316] STATE:OK
2014/06/16 23:48:23 [T] [PO62940613] STATE:OK
2014/06/16 23:48:23 [T] [PO62940669] STATE:OK
2014/06/16 23:48:23 [T] [PO62940687] STATE:OK
2014/06/16 23:48:23 [T] [J?79288331] STATE:OK
2014/06/16 23:48:23 [T] [JX79288316] STATE:OK
2014/06/16 23:48:23 [T] [PO62940613] STATE:OK
2014/06/16 23:48:23 [T] [PO62940669] STATE:OK
2014/06/16 23:48:23 [T] [PO62940687] STATE:OK
2014/06/16 23:48:23 [T] [J?79288331] STATE:OK
2014/06/16 23:48:23 [T] [JX79288316] STATE:OK
2014/06/16 23:48:24 [T] [PO62940613] STATE:OK
2014/06/16 23:48:24 [T] [PO62940669] STATE:OK
2014/06/16 23:48:24 [T] [PO62940687] STATE:OK
2014/06/16 23:48:24 [T] [J?79288331] STATE:OK
2014/06/16 23:48:24 [T] [JX79288316] STATE:OK
2014/06/16 23:48:24 [T] [PO62940613] STATE:OK
2014/06/16 23:48:24 [T] [PO62940669] STATE:OK
2014/06/16 23:48:24 [T] [PO62940687] STATE:OK
2014/06/16 23:48:24 [T] [J?79288331] STATE:OK
2014/06/16 23:48:24 [T] [JX79288316] STATE:OK
2014/06/16 23:48:24 [T] [PO62940613] STATE:OK
2014/06/16 23:48:24 [T] [PO62940669] STATE:OK
2014/06/16 23:48:24 [T] [PO62940687] STATE:OK
2014/06/16 23:48:24 [T] [J?79288331] STATE:OK
2014/06/16 23:48:24 [T] [JX79288316] STATE:OK
2014/06/16 23:48:24 [T] [PO62940613] STATE:OK
2014/06/16 23:48:24 [T] [PO62940669] STATE:OK
2014/06/16 23:48:25 [T] [PO62940687] STATE:OK
2014/06/16 23:48:25 [T] [J?79288331] STATE:OK
2014/06/16 23:48:25 [T] [JX79288316] STATE:OK
2014/06/16 23:48:25 [T] [PO62940613] STATE:OK
2014/06/16 23:48:25 [T] [PO62940669] STATE:OK
2014/06/16 23:48:25 [T] [PO62940687] STATE:OK
2014/06/16 23:48:25 [T] [J?79288331] STATE:OK
2014/06/16 23:48:25 [T] [JX79288316] STATE:OK
2014/06/16 23:48:25 [T] [PO62940613] STATE:OK
2014/06/16 23:48:25 [T] [PO62940669] STATE:OK
2014/06/16 23:48:25 [T] [PO62940687] STATE:OK
2014/06/16 23:48:25 [T] [J?79288331] STATE:OK
2014/06/16 23:48:25 [T] [JX79288316] STATE:OK
2014/06/16 23:48:25 [T] [PO62940613] STATE:OK
2014/06/16 23:48:25 [T] [PO62940669] STATE:OK
2014/06/16 23:48:25 [T] [PO62940687] STATE:OK
2014/06/16 23:48:25 [T] [J?79288331] STATE:OK
2014/06/16 23:48:25 [T] [JX79288316] STATE:OK
2014/06/16 23:48:25 [T] [PO62940613] STATE:OK
2014/06/16 23:48:25 [T] [PO62940669] STATE:OK
2014/06/16 23:48:25 [T] [PO62940687] STATE:OK
2014/06/16 23:48:25 [T] [J?79288331] STATE:OK
2014/06/16 23:48:25 [T] [JX79288316] STATE:OK
2014/06/16 23:48:25 [T] [PO62940613] STATE:OK
2014/06/16 23:48:25 [T] [PO62940669] STATE:OK
2014/06/16 23:48:26 [T] [PO62940687] STATE:OK
2014/06/16 23:48:26 [T] [J?79288331] STATE:OK
2014/06/16 23:48:26 [T] [JX79288316] STATE:OK
2014/06/16 23:48:26 [T] [PO62940613] STATE:OK
2014/06/16 23:48:26 [T] [PO62940669] STATE:OK
2014/06/16 23:48:26 [T] [PO62940687] STATE:OK
2014/06/16 23:48:26 [T] [J?79288331] STATE:OK
2014/06/16 23:48:26 [T] [JX79288316] STATE:OK
2014/06/16 23:48:26 [T] [PO62940613] STATE:OK
2014/06/16 23:48:26 [T] [PO62940669] STATE:OK
2014/06/16 23:48:26 [T] [PO62940687] STATE:OK
2014/06/16 23:48:26 [T] [J?79288331] STATE:OK
2014/06/16 23:48:26 [T] [JX79288316] STATE:OK
2014/06/16 23:48:26 [T] [PO62940613] STATE:OK
2014/06/16 23:48:26 [T] [PO62940669] STATE:OK
2014/06/16 23:48:26 [T] [PO62940687] STATE:OK
2014/06/16 23:48:26 [T] [J?79288331] STATE:OK
2014/06/16 23:48:26 [T] [JX79288316] STATE:OK
2014/06/16 23:48:26 [T] [PO62940613] STATE:OK
2014/06/16 23:48:26 [T] [PO62940669] STATE:OK
2014/06/16 23:48:26 [T] [PO62940687] STATE:OK
2014/06/16 23:48:26 [T] [J?79288331] STATE:OK
2014/06/16 23:48:26 [T] [JX79288316] STATE:OK
2014/06/16 23:48:26 [T] [PO62940613] STATE:OK
2014/06/16 23:48:26 [T] [PO62940669] STATE:OK
2014/06/16 23:48:26 [T] [PO62940687] STATE:OK
2014/06/16 23:48:27 [T] [J?79288331] STATE:OK
2014/06/16 23:48:27 [T] [JX79288316] STATE:OK
2014/06/16 23:48:27 [T] [PO62940613] STATE:OK
2014/06/16 23:48:27 [T] [PO62940669] STATE:OK
2014/06/16 23:48:27 [T] [PO62940687] STATE:OK
2014/06/16 23:48:27 [T] [J?79288331] STATE:OK
2014/06/16 23:48:27 [T] [JX79288316] STATE:OK
2014/06/16 23:48:27 [T] [PO62940613] STATE:OK
2014/06/16 23:48:27 [T] [PO62940669] STATE:OK
2014/06/16 23:48:27 [T] [PO62940687] STATE:OK
2014/06/16 23:48:27 [T] [J?79288331] STATE:OK
2014/06/16 23:48:27 [T] [JX79288316] STATE:OK
2014/06/16 23:48:27 [T] [PO62940613] STATE:OK
2014/06/16 23:48:27 [T] [PO62940669] STATE:OK
2014/06/16 23:48:27 [T] [PO62940687] STATE:OK
2014/06/16 23:48:27 [T] [J?79288331] STATE:OK
2014/06/16 23:48:27 [T] [JX79288316] STATE:OK
2014/06/16 23:48:27 [T] [PO62940613] STATE:OK
2014/06/16 23:48:27 [T] [PO62940669] STATE:OK
2014/06/16 23:48:27 [T] [PO62940687] STATE:OK
2014/06/16 23:48:27 [T] [J?79288331] STATE:OK
2014/06/16 23:48:27 [T] [JX79288316] STATE:OK
2014/06/16 23:48:27 [T] [PO62940613] STATE:OK
2014/06/16 23:48:27 [T] [PO62940669] STATE:OK
2014/06/16 23:48:27 [T] [PO62940687] STATE:OK
2014/06/16 23:48:28 [T] [J?79288331] STATE:OK
2014/06/16 23:48:28 [T] [JX79288316] STATE:OK
2014/06/16 23:48:28 [T] [PO62940613] STATE:OK
2014/06/16 23:48:28 [T] [PO62940669] STATE:OK
2014/06/16 23:48:28 [T] [PO62940687] STATE:OK
2014/06/16 23:48:28 [T] [J?79288331] STATE:OK
2014/06/16 23:48:28 [T] [JX79288316] STATE:OK
2014/06/16 23:48:28 [T] [PO62940613] STATE:OK
2014/06/16 23:48:28 [T] [PO62940669] STATE:OK
2014/06/16 23:48:28 [T] [PO62940687] STATE:OK
2014/06/16 23:48:28 [T] [J?79288331] STATE:OK
2014/06/16 23:48:28 [T] [JX79288316] STATE:OK
2014/06/16 23:48:28 [T] [PO62940613] STATE:OK
2014/06/16 23:48:28 [T] [PO62940669] STATE:OK
2014/06/16 23:48:28 [T] [PO62940687] STATE:OK
2014/06/16 23:48:28 [T] [J?79288331] STATE:OK
2014/06/16 23:48:28 [T] [JX79288316] STATE:OK
2014/06/16 23:48:28 [T] [PO62940613] STATE:OK
2014/06/16 23:48:28 [T] [PO62940669] STATE:OK
2014/06/16 23:48:28 [T] [PO62940687] STATE:OK
2014/06/16 23:48:28 [T] [J?79288331] STATE:OK
2014/06/16 23:48:29 [T] [JX79288316] STATE:OK
2014/06/16 23:48:29 [T] [PO62940613] STATE:OK
2014/06/16 23:48:29 [T] [PO62940669] STATE:OK
2014/06/16 23:48:29 [T] [PO62940687] STATE:OK
2014/06/16 23:48:29 [T] [J?79288331] STATE:OK
2014/06/16 23:48:29 [T] [JX79288316] STATE:OK
2014/06/16 23:48:29 [T] [PO62940613] STATE:OK
2014/06/16 23:48:29 [T] [PO62940669] STATE:OK
2014/06/16 23:48:29 [T] [PO62940687] STATE:OK
2014/06/16 23:48:29 [T] [J?79288331] STATE:OK
2014/06/16 23:48:29 [T] [JX79288316] STATE:OK
2014/06/16 23:48:29 [T] [PO62940613] STATE:OK
2014/06/16 23:48:29 [T] [PO62940669] STATE:OK
2014/06/16 23:48:29 [T] [PO62940687] STATE:OK
2014/06/16 23:48:29 [T] [J?79288331] STATE:OK
2014/06/16 23:48:29 [T] [JX79288316] STATE:OK
2014/06/16 23:48:29 [T] [PO62940613] STATE:OK
2014/06/16 23:48:29 [T] [PO62940669] STATE:OK
2014/06/16 23:48:29 [T] [PO62940687] STATE:OK
2014/06/16 23:48:29 [T] [J?79288331] STATE:OK
2014/06/16 23:48:29 [T] [JX79288316] STATE:OK
2014/06/16 23:48:29 [T] [PO62940613] STATE:OK
2014/06/16 23:48:29 [T] [PO62940669] STATE:OK
2014/06/16 23:48:29 [T] [PO62940687] STATE:OK
2014/06/16 23:48:29 [T] [J?79288331] STATE:OK
2014/06/16 23:48:29 [T] [JX79288316] STATE:OK
2014/06/16 23:48:30 [T] [PO62940613] STATE:OK
2014/06/16 23:48:30 [T] [PO62940669] STATE:OK
2014/06/16 23:48:30 [T] [PO62940687] STATE:OK
2014/06/16 23:48:30 [T] [J?79288331] STATE:OK
2014/06/16 23:48:30 [T] [JX79288316] STATE:OK
2014/06/16 23:48:30 [T] [PO62940613] STATE:OK
2014/06/16 23:48:30 [T] [PO62940669] STATE:OK
2014/06/16 23:48:30 [T] [PO62940687] STATE:OK
2014/06/16 23:48:30 [T] [J?79288331] STATE:OK
2014/06/16 23:48:30 [T] [JX79288316] STATE:OK
2014/06/16 23:48:30 [T] [PO62940613] STATE:OK
2014/06/16 23:48:30 [T] [PO62940669] STATE:OK
2014/06/16 23:48:30 [T] [PO62940687] STATE:OK
2014/06/16 23:48:30 [T] [J?79288331] STATE:OK
2014/06/16 23:48:30 [T] [JX79288316] STATE:OK
2014/06/16 23:48:30 [T] [PO62940613] STATE:OK
2014/06/16 23:48:30 [T] [PO62940669] STATE:OK
2014/06/16 23:48:30 [T] [PO62940687] STATE:OK
2014/06/16 23:48:30 [T] [J?79288331] STATE:OK
2014/06/16 23:48:30 [T] [JX79288316] STATE:OK
2014/06/16 23:48:30 [T] [PO62940613] STATE:OK
2014/06/16 23:48:30 [T] [PO62940669] STATE:OK
2014/06/16 23:48:30 [T] [PO62940687] STATE:OK
2014/06/16 23:48:30 [T] [J?79288331] STATE:OK
2014/06/16 23:48:30 [T] [JX79288316] STATE:OK
2014/06/16 23:48:30 [T] [PO62940613] STATE:OK
2014/06/16 23:48:31 [T] [PO62940669] STATE:OK
2014/06/16 23:48:31 [T] [PO62940687] STATE:OK
2014/06/16 23:48:31 [T] [J?79288331] STATE:OK
2014/06/16 23:48:31 [T] [JX79288316] STATE:OK
2014/06/16 23:48:31 [T] [PO62940613] STATE:OK
2014/06/16 23:48:31 [T] [PO62940669] STATE:OK
2014/06/16 23:48:31 [T] [PO62940687] STATE:OK
2014/06/16 23:48:31 [T] [J?79288331] STATE:OK
2014/06/16 23:48:31 [T] [JX79288316] STATE:OK
2014/06/16 23:48:31 [T] [PO62940613] STATE:OK
2014/06/16 23:48:31 [T] [PO62940669] STATE:OK
2014/06/16 23:48:31 [T] [PO62940687] STATE:OK
2014/06/16 23:48:31 [T] [J?79288331] STATE:OK
2014/06/16 23:48:31 [T] [JX79288316] STATE:OK
2014/06/16 23:48:31 [T] [PO62940613] STATE:OK
2014/06/16 23:48:31 [T] [PO62940669] STATE:OK
2014/06/16 23:48:31 [T] [PO62940687] STATE:OK
2014/06/16 23:48:31 [T] [J?79288331] STATE:OK
2014/06/16 23:48:31 [T] [JX79288316] STATE:OK
2014/06/16 23:48:31 [T] [PO62940613] STATE:OK
2014/06/16 23:48:31 [T] [PO62940669] STATE:OK
2014/06/16 23:48:31 [T] [PO62940687] STATE:OK
2014/06/16 23:48:31 [T] [J?79288331] STATE:OK
2014/06/16 23:48:32 [T] [JX79288316] STATE:OK
2014/06/16 23:48:32 [T] [PO62940613] STATE:OK
2014/06/16 23:48:32 [T] [PO62940669] STATE:OK
2014/06/16 23:48:32 [T] [PO62940687] STATE:OK
2014/06/16 23:48:32 [T] [J?79288331] STATE:OK
2014/06/16 23:48:32 [T] [JX79288316] STATE:OK
2014/06/16 23:48:32 [T] [PO62940613] STATE:OK
2014/06/16 23:48:32 [T] [PO62940669] STATE:OK
2014/06/16 23:48:32 [T] [PO62940687] STATE:OK
2014/06/16 23:48:32 [T] [J?79288331] STATE:OK
2014/06/16 23:48:32 [T] [JX79288316] STATE:OK
2014/06/16 23:48:32 [T] [PO62940613] STATE:OK
2014/06/16 23:48:32 [T] [PO62940669] STATE:OK
2014/06/16 23:48:32 [T] [PO62940687] STATE:OK
2014/06/16 23:48:32 [T] [J?79288331] STATE:OK
2014/06/16 23:48:32 [T] [JX79288316] STATE:OK
2014/06/16 23:48:32 [T] [PO62940613] STATE:OK
2014/06/16 23:48:32 [T] [PO62940669] STATE:OK
2014/06/16 23:48:32 [T] [PO62940687] STATE:OK
2014/06/16 23:48:32 [T] [J?79288331] STATE:OK
2014/06/16 23:48:32 [T] [JX79288316] STATE:OK
2014/06/16 23:48:33 [T] [PO62940613] STATE:OK
2014/06/16 23:48:33 [T] [PO62940669] STATE:OK
2014/06/16 23:48:33 [T] [PO62940687] STATE:OK
2014/06/16 23:48:33 [T] [J?79288331] STATE:OK
2014/06/16 23:48:33 [T] [JX79288316] STATE:OK
2014/06/16 23:48:33 [T] [PO62940613] STATE:OK
2014/06/16 23:48:33 [T] [PO62940669] STATE:OK
2014/06/16 23:48:33 [T] [PO62940687] STATE:OK
2014/06/16 23:48:33 [T] [J?79288331] STATE:OK
2014/06/16 23:48:33 [T] [JX79288316] STATE:OK
2014/06/16 23:48:33 [T] [PO62940613] STATE:OK
2014/06/16 23:48:33 [T] [PO62940669] STATE:OK
2014/06/16 23:48:33 [T] [PO62940687] STATE:OK
2014/06/16 23:48:33 [T] [J?79288331] STATE:OK
2014/06/16 23:48:33 [T] [JX79288316] STATE:OK
2014/06/16 23:48:33 [T] [PO62940613] STATE:OK
2014/06/16 23:48:33 [T] [PO62940669] STATE:OK
2014/06/16 23:48:33 [T] [PO62940687] STATE:OK
2014/06/16 23:48:33 [T] [J?79288331] STATE:OK
2014/06/16 23:48:33 [T] [JX79288316] STATE:OK
2014/06/16 23:48:33 [T] [PO62940613] STATE:OK
2014/06/16 23:48:33 [T] [PO62940669] STATE:OK
2014/06/16 23:48:33 [T] [PO62940687] STATE:OK
2014/06/16 23:48:33 [T] [J?79288331] STATE:OK
2014/06/16 23:48:33 [T] [JX79288316] STATE:OK
2014/06/16 23:48:33 [T] [PO62940613] STATE:OK
2014/06/16 23:48:33 [T] [PO62940669] STATE:OK
2014/06/16 23:48:34 [T] [PO62940687] STATE:OK
2014/06/16 23:48:34 [T] [J?79288331] STATE:OK
2014/06/16 23:48:34 [T] [JX79288316] STATE:OK
2014/06/16 23:48:34 [T] [PO62940613] STATE:OK
2014/06/16 23:48:34 [T] [PO62940669] STATE:OK
2014/06/16 23:48:34 [T] [PO62940687] STATE:OK
2014/06/16 23:48:34 [T] [J?79288331] STATE:OK
2014/06/16 23:48:34 [T] [JX79288316] STATE:OK
2014/06/16 23:48:34 [T] [PO62940613] STATE:OK
2014/06/16 23:48:34 [T] [PO62940669] STATE:OK
2014/06/16 23:48:34 [T] [PO62940687] STATE:OK
2014/06/16 23:48:34 [T] [J?79288331] STATE:OK
2014/06/16 23:48:34 [T] [JX79288316] STATE:OK
2014/06/16 23:48:34 [T] [PO62940613] STATE:OK
2014/06/16 23:48:34 [T] [PO62940669] STATE:OK
2014/06/16 23:48:34 [T] [PO62940687] STATE:OK
2014/06/16 23:48:34 [T] [J?79288331] STATE:OK
2014/06/16 23:48:34 [T] [JX79288316] STATE:OK
2014/06/16 23:48:34 [T] [PO62940613] STATE:OK
2014/06/16 23:48:34 [T] [PO62940669] STATE:OK
2014/06/16 23:48:35 [T] [PO62940687] STATE:OK
2014/06/16 23:48:35 [T] [J?79288331] STATE:OK
2014/06/16 23:48:35 [T] [JX79288316] STATE:OK
2014/06/16 23:48:35 [T] [PO62940613] STATE:OK
2014/06/16 23:48:35 [T] [PO62940669] STATE:OK
2014/06/16 23:48:35 [T] [PO62940687] STATE:OK
2014/06/16 23:48:35 [T] [J?79288331] STATE:OK
2014/06/16 23:48:35 [T] [JX79288316] STATE:OK
2014/06/16 23:48:35 [T] [PO62940613] STATE:OK
2014/06/16 23:48:35 [T] [PO62940669] STATE:OK
2014/06/16 23:48:35 [T] [PO62940687] STATE:OK
2014/06/16 23:48:35 [T] [J?79288331] STATE:OK
2014/06/16 23:48:35 [T] [JX79288316] STATE:OK
2014/06/16 23:48:35 [T] [PO62940613] STATE:OK
2014/06/16 23:48:35 [T] [PO62940669] STATE:OK
2014/06/16 23:48:35 [T] [PO62940687] STATE:OK
2014/06/16 23:48:35 [T] [J?79288331] STATE:OK
2014/06/16 23:48:35 [T] [JX79288316] STATE:OK
2014/06/16 23:48:35 [T] [PO62940613] STATE:OK
2014/06/16 23:48:35 [T] [PO62940669] STATE:OK
2014/06/16 23:48:35 [T] [PO62940687] STATE:OK
2014/06/16 23:48:35 [T] [J?79288331] STATE:OK
2014/06/16 23:48:35 [T] [JX79288316] STATE:OK
2014/06/16 23:48:36 [T] [PO62940613] STATE:OK
2014/06/16 23:48:36 [T] [PO62940669] STATE:OK
2014/06/16 23:48:36 [T] [PO62940687] STATE:OK
2014/06/16 23:48:36 [T] [J?79288331] STATE:OK
2014/06/16 23:48:36 [T] [JX79288316] STATE:OK
2014/06/16 23:48:36 [T] [PO62940613] STATE:OK
2014/06/16 23:48:36 [T] [PO62940669] STATE:OK
2014/06/16 23:48:36 [T] [PO62940687] STATE:OK
2014/06/16 23:48:36 [T] [J?79288331] STATE:OK
2014/06/16 23:48:36 [T] [JX79288316] STATE:OK
2014/06/16 23:48:36 [T] [PO62940613] STATE:OK
2014/06/16 23:48:36 [T] [PO62940669] STATE:OK
2014/06/16 23:48:36 [T] [PO62940687] STATE:OK
2014/06/16 23:48:36 [T] [J?79288331] STATE:OK
2014/06/16 23:48:36 [T] [JX79288316] STATE:OK
2014/06/16 23:48:36 [T] [PO62940613] STATE:OK
2014/06/16 23:48:36 [T] [PO62940669] STATE:OK
2014/06/16 23:48:36 [T] [PO62940687] STATE:OK
2014/06/16 23:48:36 [T] [J?79288331] STATE:OK
2014/06/16 23:48:36 [T] [JX79288316] STATE:OK
2014/06/16 23:48:36 [T] [PO62940613] STATE:OK
2014/06/16 23:48:36 [T] [PO62940669] STATE:OK
2014/06/16 23:48:36 [T] [PO62940687] STATE:OK
2014/06/16 23:48:36 [T] [J?79288331] STATE:OK
2014/06/16 23:48:36 [T] [JX79288316] STATE:OK
2014/06/16 23:48:37 [T] [PO62940613] STATE:OK
2014/06/16 23:48:37 [T] [PO62940669] STATE:OK
2014/06/16 23:48:37 [T] [PO62940687] STATE:OK
2014/06/16 23:48:37 [T] [J?79288331] STATE:OK
2014/06/16 23:48:37 [T] [JX79288316] STATE:OK
2014/06/16 23:48:37 [T] [PO62940613] STATE:OK
2014/06/16 23:48:37 [T] [PO62940669] STATE:OK
2014/06/16 23:48:37 [T] [PO62940687] STATE:OK
2014/06/16 23:48:37 [T] [J?79288331] STATE:OK
2014/06/16 23:48:37 [T] [JX79288316] STATE:OK
2014/06/16 23:48:37 [T] [PO62940613] STATE:OK
2014/06/16 23:48:37 [T] [PO62940669] STATE:OK
2014/06/16 23:48:37 [T] [PO62940687] STATE:OK
2014/06/16 23:48:37 [T] [J?79288331] STATE:OK
2014/06/16 23:48:37 [T] [JX79288316] STATE:OK
2014/06/16 23:48:37 [T] [PO62940613] STATE:OK
2014/06/16 23:48:37 [T] [PO62940669] STATE:OK
2014/06/16 23:48:37 [T] [PO62940687] STATE:OK
2014/06/16 23:48:37 [T] [J?79288331] STATE:OK
2014/06/16 23:48:37 [T] [JX79288316] STATE:OK
2014/06/16 23:48:37 [T] [PO62940613] STATE:OK
2014/06/16 23:48:37 [T] [PO62940669] STATE:OK
2014/06/16 23:48:38 [T] [PO62940687] STATE:OK
2014/06/16 23:48:38 [T] [J?79288331] STATE:OK
2014/06/16 23:48:38 [T] [JX79288316] STATE:OK
2014/06/16 23:48:38 [T] [PO62940613] STATE:OK
2014/06/16 23:48:38 [T] [PO62940669] STATE:OK
2014/06/16 23:48:38 [T] [PO62940687] STATE:OK
2014/06/16 23:48:38 [T] [J?79288331] STATE:OK
2014/06/16 23:48:38 [T] [JX79288316] STATE:OK
2014/06/16 23:48:38 [T] [PO62940613] STATE:OK
2014/06/16 23:48:38 [T] [PO62940669] STATE:OK
2014/06/16 23:48:38 [T] [PO62940687] STATE:OK
2014/06/16 23:48:38 [T] [J?79288331] STATE:OK
2014/06/16 23:48:38 [T] [JX79288316] STATE:OK
2014/06/16 23:48:38 [T] [PO62940613] STATE:OK
2014/06/16 23:48:38 [T] [PO62940669] STATE:OK
2014/06/16 23:48:38 [T] [PO62940687] STATE:OK
2014/06/16 23:48:38 [T] [J?79288331] STATE:OK
2014/06/16 23:48:38 [T] [JX79288316] STATE:OK
2014/06/16 23:48:38 [T] [PO62940613] STATE:OK
2014/06/16 23:48:38 [T] [PO62940669] STATE:OK
2014/06/16 23:48:38 [T] [PO62940687] STATE:OK
2014/06/16 23:48:38 [T] [J?79288331] STATE:OK
2014/06/16 23:48:38 [T] [JX79288316] STATE:OK
2014/06/16 23:48:38 [T] [PO62940613] STATE:OK
2014/06/16 23:48:38 [T] [PO62940669] STATE:OK
2014/06/16 23:48:38 [T] [PO62940687] STATE:OK
2014/06/16 23:48:39 [T] [J?79288331] STATE:OK
2014/06/16 23:48:39 [T] [JX79288316] STATE:OK
2014/06/16 23:48:39 [T] [PO62940613] STATE:OK
2014/06/16 23:48:39 [T] [PO62940669] STATE:OK
2014/06/16 23:48:39 [T] [PO62940687] STATE:OK
2014/06/16 23:48:39 [T] [J?79288331] STATE:OK
2014/06/16 23:48:39 [T] [JX79288316] STATE:OK
2014/06/16 23:48:39 [T] [PO62940613] STATE:OK
2014/06/16 23:48:39 [T] [PO62940669] STATE:OK
2014/06/16 23:48:39 [T] [PO62940687] STATE:OK
2014/06/16 23:48:39 [T] [J?79288331] STATE:OK
2014/06/16 23:48:39 [T] [JX79288316] STATE:OK
2014/06/16 23:48:39 [T] [PO62940613] STATE:OK
2014/06/16 23:48:39 [T] [PO62940669] STATE:OK
2014/06/16 23:48:39 [T] [PO62940687] STATE:OK
2014/06/16 23:48:39 [T] [J?79288331] STATE:OK
2014/06/16 23:48:39 [T] [JX79288316] STATE:OK
2014/06/16 23:48:39 [T] [PO62940613] STATE:OK
2014/06/16 23:48:40 [T] [PO62940669] STATE:OK
2014/06/16 23:48:40 [T] [PO62940687] STATE:OK
2014/06/16 23:48:40 [T] [J?79288331] STATE:OK
2014/06/16 23:48:40 [T] [JX79288316] STATE:OK
2014/06/16 23:48:40 [T] [PO62940613] STATE:OK
2014/06/16 23:48:40 [T] [PO62940669] STATE:OK
2014/06/16 23:48:40 [T] [PO62940687] STATE:OK
2014/06/16 23:48:40 [T] [J?79288331] STATE:OK
2014/06/16 23:48:40 [T] [JX79288316] STATE:OK
2014/06/16 23:48:40 [T] [PO62940613] STATE:OK
2014/06/16 23:48:40 [T] [PO62940669] STATE:OK
2014/06/16 23:48:40 [T] [PO62940687] STATE:OK
2014/06/16 23:48:40 [T] [J?79288331] STATE:OK
2014/06/16 23:48:40 [T] [JX79288316] STATE:OK
2014/06/16 23:48:40 [T] [PO62940613] STATE:OK
2014/06/16 23:48:40 [T] [PO62940669] STATE:OK
2014/06/16 23:48:40 [T] [PO62940687] STATE:OK
2014/06/16 23:48:40 [T] [J?79288331] STATE:OK
2014/06/16 23:48:40 [T] [JX79288316] STATE:OK
2014/06/16 23:48:40 [T] [PO62940613] STATE:OK
2014/06/16 23:48:40 [T] [PO62940669] STATE:OK
2014/06/16 23:48:40 [T] [PO62940687] STATE:OK
2014/06/16 23:48:40 [T] [J?79288331] STATE:OK
2014/06/16 23:48:40 [T] [JX79288316] STATE:OK
2014/06/16 23:48:40 [T] [PO62940613] STATE:OK
2014/06/16 23:48:41 [T] [PO62940669] STATE:OK
2014/06/16 23:48:41 [T] [PO62940687] STATE:OK
2014/06/16 23:48:41 [T] [J?79288331] STATE:OK
2014/06/16 23:48:41 [T] [JX79288316] STATE:OK
2014/06/16 23:48:41 [T] [PO62940613] STATE:OK
2014/06/16 23:48:41 [T] [PO62940669] STATE:OK
2014/06/16 23:48:41 [T] [PO62940687] STATE:OK
2014/06/16 23:48:41 [T] [J?79288331] STATE:OK
2014/06/16 23:48:41 [T] [JX79288316] STATE:OK
2014/06/16 23:48:41 [T] [PO62940613] STATE:OK
2014/06/16 23:48:41 [T] [PO62940669] STATE:OK
2014/06/16 23:48:41 [T] [PO62940687] STATE:OK
2014/06/16 23:48:41 [T] [J?79288331] STATE:OK
2014/06/16 23:48:41 [T] [JX79288316] STATE:OK
2014/06/16 23:48:41 [T] [PO62940613] STATE:OK
2014/06/16 23:48:41 [T] [PO62940669] STATE:OK
2014/06/16 23:48:41 [T] [PO62940687] STATE:OK
2014/06/16 23:48:41 [T] [J?79288331] STATE:OK
2014/06/16 23:48:41 [T] [JX79288316] STATE:OK
2014/06/16 23:48:41 [T] [PO62940613] STATE:OK
2014/06/16 23:48:41 [T] [PO62940669] STATE:OK
2014/06/16 23:48:41 [T] [PO62940687] STATE:OK
2014/06/16 23:48:41 [T] [J?79288331] STATE:OK
2014/06/16 23:48:41 [T] [JX79288316] STATE:OK
2014/06/16 23:48:42 [T] [PO62940613] STATE:OK
2014/06/16 23:48:42 [T] [PO62940669] STATE:OK
2014/06/16 23:48:42 [T] [PO62940687] STATE:OK
2014/06/16 23:48:42 [T] [J?79288331] STATE:OK
2014/06/16 23:48:42 [T] [JX79288316] STATE:OK
2014/06/16 23:48:42 [T] [PO62940613] STATE:OK
2014/06/16 23:48:42 [T] [PO62940669] STATE:OK
2014/06/16 23:48:42 [T] [PO62940687] STATE:OK
2014/06/16 23:48:42 [T] [J?79288331] STATE:OK
2014/06/16 23:48:42 [T] [JX79288316] STATE:OK
2014/06/16 23:48:42 [T] [PO62940613] STATE:OK
2014/06/16 23:48:42 [T] [PO62940669] STATE:OK
2014/06/16 23:48:42 [T] [PO62940687] STATE:OK
2014/06/16 23:48:42 [T] [J?79288331] STATE:OK
2014/06/16 23:48:42 [T] [JX79288316] STATE:OK
2014/06/16 23:48:42 [T] [PO62940613] STATE:OK
2014/06/16 23:48:42 [T] [PO62940669] STATE:OK
2014/06/16 23:48:42 [T] [PO62940687] STATE:OK
2014/06/16 23:48:42 [T] [J?79288331] STATE:OK
2014/06/16 23:48:42 [T] [JX79288316] STATE:OK
2014/06/16 23:48:42 [T] [PO62940613] STATE:OK
2014/06/16 23:48:42 [T] [PO62940669] STATE:OK
2014/06/16 23:48:42 [T] [PO62940687] STATE:OK
2014/06/16 23:48:43 [T] [J?79288331] STATE:OK
2014/06/16 23:48:43 [T] [JX79288316] STATE:OK
2014/06/16 23:48:43 [T] [PO62940613] STATE:OK
2014/06/16 23:48:43 [T] [PO62940669] STATE:OK
2014/06/16 23:48:43 [T] [PO62940687] STATE:OK
2014/06/16 23:48:43 [T] [J?79288331] STATE:OK
2014/06/16 23:48:43 [T] [JX79288316] STATE:OK
2014/06/16 23:48:43 [T] [PO62940613] STATE:OK
2014/06/16 23:48:43 [T] [PO62940669] STATE:OK
2014/06/16 23:48:43 [T] [PO62940687] STATE:OK
2014/06/16 23:48:43 [T] [J?79288331] STATE:OK
2014/06/16 23:48:43 [T] [JX79288316] STATE:OK
2014/06/16 23:48:43 [T] [PO62940613] STATE:OK
2014/06/16 23:48:43 [T] [PO62940669] STATE:OK
2014/06/16 23:48:43 [T] [PO62940687] STATE:OK
2014/06/16 23:48:43 [T] [J?79288331] STATE:OK
2014/06/16 23:48:43 [T] [JX79288316] STATE:OK
2014/06/16 23:48:43 [T] [PO62940613] STATE:OK
2014/06/16 23:48:43 [T] [PO62940669] STATE:OK
2014/06/16 23:48:43 [T] [PO62940687] STATE:OK
2014/06/16 23:48:43 [T] [J?79288331] STATE:OK
2014/06/16 23:48:44 [T] [JX79288316] STATE:OK
2014/06/16 23:48:44 [T] [PO62940613] STATE:OK
2014/06/16 23:48:44 [T] [PO62940669] STATE:OK
2014/06/16 23:48:44 [T] [PO62940687] STATE:OK
2014/06/16 23:48:44 [T] [J?79288331] STATE:OK
2014/06/16 23:48:44 [T] [JX79288316] STATE:OK
2014/06/16 23:48:44 [T] [PO62940613] STATE:OK
2014/06/16 23:48:44 [T] [PO62940669] STATE:OK
2014/06/16 23:48:44 [T] [PO62940687] STATE:OK
2014/06/16 23:48:44 [T] [J?79288331] STATE:OK
2014/06/16 23:48:44 [T] [JX79288316] STATE:OK
2014/06/16 23:48:44 [T] [PO62940613] STATE:OK
2014/06/16 23:48:44 [T] [PO62940669] STATE:OK
2014/06/16 23:48:44 [T] [PO62940687] STATE:OK
2014/06/16 23:48:44 [T] [J?79288331] STATE:OK
2014/06/16 23:48:44 [T] [JX79288316] STATE:OK
2014/06/16 23:48:44 [T] [PO62940613] STATE:OK
2014/06/16 23:48:44 [T] [PO62940669] STATE:OK
2014/06/16 23:48:44 [T] [PO62940687] STATE:OK
2014/06/16 23:48:44 [T] [J?79288331] STATE:OK
2014/06/16 23:48:44 [T] [JX79288316] STATE:OK
2014/06/16 23:48:44 [T] [PO62940613] STATE:OK
2014/06/16 23:48:44 [T] [PO62940669] STATE:OK
2014/06/16 23:48:44 [T] [PO62940687] STATE:OK
2014/06/16 23:48:44 [T] [J?79288331] STATE:OK
2014/06/16 23:48:44 [T] [JX79288316] STATE:OK
2014/06/16 23:48:45 [T] [PO62940613] STATE:OK
2014/06/16 23:48:45 [T] [PO62940669] STATE:OK
2014/06/16 23:48:45 [T] [PO62940687] STATE:OK
2014/06/16 23:48:45 [T] [J?79288331] STATE:OK
2014/06/16 23:48:45 [T] [JX79288316] STATE:OK
2014/06/16 23:48:45 [T] [PO62940613] STATE:OK
2014/06/16 23:48:45 [T] [PO62940669] STATE:OK
2014/06/16 23:48:45 [T] [PO62940687] STATE:OK
2014/06/16 23:48:45 [T] [J?79288331] STATE:OK
2014/06/16 23:48:45 [T] [JX79288316] STATE:OK
2014/06/16 23:48:45 [T] [PO62940613] STATE:OK
2014/06/16 23:48:45 [T] [PO62940669] STATE:OK
2014/06/16 23:48:45 [T] [PO62940687] STATE:OK
2014/06/16 23:48:45 [T] [J?79288331] STATE:OK
2014/06/16 23:48:45 [T] [JX79288316] STATE:OK
2014/06/16 23:48:45 [T] [PO62940613] STATE:OK
2014/06/16 23:48:45 [T] [PO62940669] STATE:OK
2014/06/16 23:48:45 [T] [PO62940687] STATE:OK
2014/06/16 23:48:45 [T] [J?79288331] STATE:OK
2014/06/16 23:48:45 [T] [JX79288316] STATE:OK
2014/06/16 23:48:45 [T] [PO62940613] STATE:OK
2014/06/16 23:48:45 [T] [PO62940669] STATE:OK
2014/06/16 23:48:46 [T] [PO62940687] STATE:OK
2014/06/16 23:48:46 [T] [J?79288331] STATE:OK
2014/06/16 23:48:46 [T] [JX79288316] STATE:OK
2014/06/16 23:48:46 [T] [PO62940613] STATE:OK
2014/06/16 23:48:46 [T] [PO62940669] STATE:OK
2014/06/16 23:48:46 [T] [PO62940687] STATE:OK
2014/06/16 23:48:46 [T] [J?79288331] STATE:OK
2014/06/16 23:48:46 [T] [JX79288316] STATE:OK
2014/06/16 23:48:46 [T] [PO62940613] STATE:OK
2014/06/16 23:48:46 [T] [PO62940669] STATE:OK
2014/06/16 23:48:46 [T] [PO62940687] STATE:OK
2014/06/16 23:48:46 [T] [J?79288331] STATE:OK
2014/06/16 23:48:46 [T] [JX79288316] STATE:OK
2014/06/16 23:48:46 [T] [PO62940613] STATE:OK
2014/06/16 23:48:46 [T] [PO62940669] STATE:OK
2014/06/16 23:48:46 [T] [PO62940687] STATE:OK
2014/06/16 23:48:46 [T] [J?79288331] STATE:OK
2014/06/16 23:48:46 [T] [JX79288316] STATE:OK
2014/06/16 23:48:46 [T] [PO62940613] STATE:OK
2014/06/16 23:48:46 [T] [PO62940669] STATE:OK
2014/06/16 23:48:46 [T] [PO62940687] STATE:OK
2014/06/16 23:48:46 [T] [J?79288331] STATE:OK
2014/06/16 23:48:46 [T] [JX79288316] STATE:OK
2014/06/16 23:48:46 [T] [PO62940613] STATE:OK
2014/06/16 23:48:46 [T] [PO62940669] STATE:OK
2014/06/16 23:48:47 [T] [PO62940687] STATE:OK
2014/06/16 23:48:47 [T] [J?79288331] STATE:OK
2014/06/16 23:48:47 [T] [JX79288316] STATE:OK
2014/06/16 23:48:47 [T] [PO62940613] STATE:OK
2014/06/16 23:48:47 [T] [PO62940669] STATE:OK
2014/06/16 23:48:47 [T] [PO62940687] STATE:OK
2014/06/16 23:48:47 [T] [J?79288331] STATE:OK
2014/06/16 23:48:47 [T] [JX79288316] STATE:OK
2014/06/16 23:48:47 [T] [PO62940613] STATE:OK
2014/06/16 23:48:47 [T] [PO62940669] STATE:OK
2014/06/16 23:48:47 [T] [PO62940687] STATE:OK
2014/06/16 23:48:47 [T] [J?79288331] STATE:OK
2014/06/16 23:48:47 [T] [JX79288316] STATE:OK
2014/06/16 23:48:47 [T] [PO62940613] STATE:OK
2014/06/16 23:48:47 [T] [PO62940669] STATE:OK
2014/06/16 23:48:47 [T] [PO62940687] STATE:OK
2014/06/16 23:48:47 [T] [J?79288331] STATE:OK
2014/06/16 23:48:47 [T] [JX79288316] STATE:OK
2014/06/16 23:48:47 [T] [PO62940613] STATE:OK
2014/06/16 23:48:47 [T] [PO62940669] STATE:OK
2014/06/16 23:48:47 [T] [PO62940687] STATE:OK
2014/06/16 23:48:47 [T] [J?79288331] STATE:OK
2014/06/16 23:48:47 [T] [JX79288316] STATE:OK
2014/06/16 23:48:48 [T] [PO62940613] STATE:OK
2014/06/16 23:48:48 [T] [PO62940669] STATE:OK
2014/06/16 23:48:48 [T] [PO62940687] STATE:OK
2014/06/16 23:48:48 [T] [J?79288331] STATE:OK
2014/06/16 23:48:48 [T] [JX79288316] STATE:OK
2014/06/16 23:48:48 [T] [PO62940613] STATE:OK
2014/06/16 23:48:48 [T] [PO62940669] STATE:OK
2014/06/16 23:48:48 [T] [PO62940687] STATE:OK
2014/06/16 23:48:48 [T] [J?79288331] STATE:OK
2014/06/16 23:48:48 [T] [JX79288316] STATE:OK
2014/06/16 23:48:48 [T] [PO62940613] STATE:OK
2014/06/16 23:48:48 [T] [PO62940669] STATE:OK
2014/06/16 23:48:48 [T] [PO62940687] STATE:OK
2014/06/16 23:48:48 [T] [J?79288331] STATE:OK
2014/06/16 23:48:48 [T] [JX79288316] STATE:OK
2014/06/16 23:48:48 [T] [PO62940613] STATE:OK
2014/06/16 23:48:48 [T] [PO62940669] STATE:OK
2014/06/16 23:48:48 [T] [PO62940687] STATE:OK
2014/06/16 23:48:48 [T] [J?79288331] STATE:OK
2014/06/16 23:48:48 [T] [JX79288316] STATE:OK
2014/06/16 23:48:48 [T] [PO62940613] STATE:OK
2014/06/16 23:48:48 [T] [PO62940669] STATE:OK
2014/06/16 23:48:49 [T] [PO62940687] STATE:OK
2014/06/16 23:48:49 [T] [J?79288331] STATE:OK
2014/06/16 23:48:49 [T] [JX79288316] STATE:OK
2014/06/16 23:48:49 [T] [PO62940613] STATE:OK
2014/06/16 23:48:49 [T] [PO62940669] STATE:OK
2014/06/16 23:48:49 [T] [PO62940687] STATE:OK
2014/06/16 23:48:49 [T] [J?79288331] STATE:OK
2014/06/16 23:48:49 [T] [JX79288316] STATE:OK
2014/06/16 23:48:49 [T] [PO62940613] STATE:OK
2014/06/16 23:48:49 [T] [PO62940669] STATE:OK
2014/06/16 23:48:49 [T] [PO62940687] STATE:OK
2014/06/16 23:48:49 [T] [J?79288331] STATE:OK
2014/06/16 23:48:49 [T] [JX79288316] STATE:OK
2014/06/16 23:48:49 [T] [PO62940613] STATE:OK
2014/06/16 23:48:49 [T] [PO62940669] STATE:OK
2014/06/16 23:48:49 [T] [PO62940687] STATE:OK
2014/06/16 23:48:49 [T] [J?79288331] STATE:OK
2014/06/16 23:48:49 [T] [JX79288316] STATE:OK
2014/06/16 23:48:49 [T] [PO62940613] STATE:OK
2014/06/16 23:48:49 [T] [PO62940669] STATE:OK
2014/06/16 23:48:49 [T] [PO62940687] STATE:OK
2014/06/16 23:48:49 [T] [J?79288331] STATE:OK
2014/06/16 23:48:49 [T] [JX79288316] STATE:OK
2014/06/16 23:48:49 [T] [PO62940613] STATE:OK
2014/06/16 23:48:49 [T] [PO62940669] STATE:OK
2014/06/16 23:48:50 [T] [PO62940687] STATE:OK
2014/06/16 23:48:50 [T] [J?79288331] STATE:OK
2014/06/16 23:48:50 [T] [JX79288316] STATE:OK
2014/06/16 23:48:50 [T] [PO62940613] STATE:OK
2014/06/16 23:48:50 [T] [PO62940669] STATE:OK
2014/06/16 23:48:50 [T] [PO62940687] STATE:OK
2014/06/16 23:48:50 [T] [J?79288331] STATE:OK
2014/06/16 23:48:50 [T] [JX79288316] STATE:OK
2014/06/16 23:48:50 [T] [PO62940613] STATE:OK
2014/06/16 23:48:50 [T] [PO62940669] STATE:OK
2014/06/16 23:48:50 [T] [PO62940687] STATE:OK
2014/06/16 23:48:50 [T] [J?79288331] STATE:OK
2014/06/16 23:48:50 [T] [JX79288316] STATE:OK
2014/06/16 23:48:50 [T] [PO62940613] STATE:OK
2014/06/16 23:48:50 [T] [PO62940669] STATE:OK
2014/06/16 23:48:50 [T] [PO62940687] STATE:OK
2014/06/16 23:48:50 [T] [J?79288331] STATE:OK
2014/06/16 23:48:50 [T] [JX79288316] STATE:OK
2014/06/16 23:48:50 [T] [PO62940613] STATE:OK
2014/06/16 23:48:50 [T] [PO62940669] STATE:OK
2014/06/16 23:48:50 [T] [PO62940687] STATE:OK
2014/06/16 23:48:50 [T] [J?79288331] STATE:OK
2014/06/16 23:48:51 [T] [JX79288316] STATE:OK
2014/06/16 23:48:51 [T] [PO62940613] STATE:OK
2014/06/16 23:48:51 [T] [PO62940669] STATE:OK
2014/06/16 23:48:51 [T] [PO62940687] STATE:OK
2014/06/16 23:48:51 [T] [J?79288331] STATE:OK
2014/06/16 23:48:51 [T] [JX79288316] STATE:OK
2014/06/16 23:48:51 [T] [PO62940613] STATE:OK
2014/06/16 23:48:51 [T] [PO62940669] STATE:OK
2014/06/16 23:48:51 [T] [PO62940687] STATE:OK
2014/06/16 23:48:51 [T] [J?79288331] STATE:OK
2014/06/16 23:48:51 [T] [JX79288316] STATE:OK
2014/06/16 23:48:51 [T] [PO62940613] STATE:OK
2014/06/16 23:48:51 [T] [PO62940669] STATE:OK
2014/06/16 23:48:51 [T] [PO62940687] STATE:OK
2014/06/16 23:48:51 [T] [J?79288331] STATE:OK
2014/06/16 23:48:51 [T] [JX79288316] STATE:OK
2014/06/16 23:48:51 [T] [PO62940613] STATE:OK
2014/06/16 23:48:51 [T] [PO62940669] STATE:OK
2014/06/16 23:48:51 [T] [PO62940687] STATE:OK
2014/06/16 23:48:51 [T] [J?79288331] STATE:OK
2014/06/16 23:48:52 [T] [JX79288316] STATE:OK
2014/06/16 23:48:52 [T] [PO62940613] STATE:OK
2014/06/16 23:48:52 [T] [PO62940669] STATE:OK
2014/06/16 23:48:52 [T] [PO62940687] STATE:OK
2014/06/16 23:48:52 [T] [J?79288331] STATE:OK
2014/06/16 23:48:52 [T] [JX79288316] STATE:OK
2014/06/16 23:48:52 [T] [PO62940613] STATE:OK
2014/06/16 23:48:52 [T] [PO62940669] STATE:OK
2014/06/16 23:48:52 [T] [PO62940687] STATE:OK
2014/06/16 23:48:52 [T] [J?79288331] STATE:OK
2014/06/16 23:48:52 [T] [JX79288316] STATE:OK
2014/06/16 23:48:52 [T] [PO62940613] STATE:OK
2014/06/16 23:48:52 [T] [PO62940669] STATE:OK
2014/06/16 23:48:52 [T] [PO62940687] STATE:OK
2014/06/16 23:48:52 [T] [J?79288331] STATE:OK
2014/06/16 23:48:52 [T] [JX79288316] STATE:OK
2014/06/16 23:48:52 [T] [PO62940613] STATE:OK
2014/06/16 23:48:52 [T] [PO62940669] STATE:OK
2014/06/16 23:48:52 [T] [PO62940687] STATE:OK
2014/06/16 23:48:52 [T] [J?79288331] STATE:OK
2014/06/16 23:48:52 [T] [JX79288316] STATE:OK
2014/06/16 23:48:52 [T] [PO62940613] STATE:OK
2014/06/16 23:48:52 [T] [PO62940669] STATE:OK
2014/06/16 23:48:53 [T] [PO62940687] STATE:OK
2014/06/16 23:48:53 [T] [J?79288331] STATE:OK
2014/06/16 23:48:53 [T] [JX79288316] STATE:OK
2014/06/16 23:48:53 [T] [PO62940613] STATE:OK
2014/06/16 23:48:53 [T] [PO62940669] STATE:OK
2014/06/16 23:48:53 [T] [PO62940687] STATE:OK
2014/06/16 23:48:53 [T] [J?79288331] STATE:OK
2014/06/16 23:48:53 [T] [JX79288316] STATE:OK
2014/06/16 23:48:53 [T] [PO62940613] STATE:OK
2014/06/16 23:48:53 [T] [PO62940669] STATE:OK
2014/06/16 23:48:53 [T] [PO62940687] STATE:OK
2014/06/16 23:48:53 [T] [J?79288331] STATE:OK
2014/06/16 23:48:53 [T] [JX79288316] STATE:OK
2014/06/16 23:48:53 [T] [PO62940613] STATE:OK
2014/06/16 23:48:53 [T] [PO62940669] STATE:OK
2014/06/16 23:48:53 [T] [PO62940687] STATE:OK
2014/06/16 23:48:53 [T] [J?79288331] STATE:OK
2014/06/16 23:48:53 [T] [JX79288316] STATE:OK
2014/06/16 23:48:53 [T] [PO62940613] STATE:OK
2014/06/16 23:48:54 [T] [PO62940669] STATE:OK
2014/06/16 23:53:05 [I] IP:[192.168.0.102]
2014/06/16 23:53:05 [I] 与服务器连接中...
2014/06/16 23:53:05 [I] 连接服务器成功...
2014/06/16 23:53:07 [I] 正在上传数据...
2014/06/16 23:53:07 [I] kkkkkkkkkkkkkk
2014/06/16 23:53:07 [T] [J?79288331] STATE:OK
2014/06/16 23:53:07 [I] kkkkkkkkkkkkkk
2014/06/16 23:53:07 [T] [JX79288316] STATE:OK
2014/06/16 23:53:07 [I] kkkkkkkkkkkkkk
2014/06/16 23:53:07 [T] [PO62940613] STATE:OK
2014/06/16 23:53:07 [I] kkkkkkkkkkkkkk
2014/06/16 23:53:07 [T] [PO62940669] STATE:OK
2014/06/16 23:53:07 [I] kkkkkkkkkkkkkk
2014/06/16 23:53:07 [T] [PO62940687] STATE:OK
2014/06/16 23:53:07 [I] kkkkkkkkkkkkkk
2014/06/16 23:53:07 [T] [J?79288331] STATE:OK
2014/06/16 23:53:07 [I] kkkkkkkkkkkkkk
2014/06/16 23:53:07 [T] [JX79288316] STATE:OK
2014/06/16 23:53:07 [I] kkkkkkkkkkkkkk
2014/06/16 23:53:07 [T] [PO62940613] STATE:OK
2014/06/16 23:53:07 [I] kkkkkkkkkkkkkk
2014/06/16 23:53:07 [T] [PO62940669] STATE:OK
2014/06/16 23:53:07 [I] kkkkkkkkkkkkkk
2014/06/16 23:53:07 [T] [PO62940687] STATE:OK
2014/06/16 23:53:07 [I] kkkkkkkkkkkkkk
2014/06/16 23:53:07 [T] [J?79288331] STATE:OK
2014/06/16 23:53:07 [I] kkkkkkkkkkkkkk
2014/06/16 23:53:07 [T] [JX79288316] STATE:OK
2014/06/16 23:53:07 [I] kkkkkkkkkkkkkk
2014/06/16 23:53:08 [T] [PO62940613] STATE:OK
2014/06/16 23:53:08 [I] kkkkkkkkkkkkkk
2014/06/16 23:53:08 [T] [PO62940669] STATE:OK
2014/06/16 23:53:08 [I] kkkkkkkkkkkkkk
2014/06/16 23:53:08 [T] [PO62940687] STATE:OK
2014/06/16 23:53:08 [I] kkkkkkkkkkkkkk
2014/06/16 23:53:08 [T] [J?79288331] STATE:OK
2014/06/16 23:53:08 [I] kkkkkkkkkkkkkk
2014/06/16 23:53:08 [T] [JX79288316] STATE:OK
2014/06/16 23:53:08 [I] kkkkkkkkkkkkkk
2014/06/16 23:53:08 [T] [PO62940613] STATE:OK
2014/06/16 23:53:08 [I] kkkkkkkkkkkkkk
